<?xml version="1.0" encoding="UTF-8"?>
<!-- Generated by org.testng.reporters.JUnitReportReporter -->
<testsuite skipped="0" hostname="LAPTOP-IVDTKOOS" name="com.w2a.Testcases.LoginTest" tests="1" failures="0" timestamp="24 Mar 2022 10:00:43 GMT" time="1.147" errors="0">
  <testcase name="bankManagerLoginTest" time="1.147" classname="com.w2a.Testcases.LoginTest"/>
</testsuite> <!-- com.w2a.Testcases.LoginTest -->
