<?xml version="1.0" encoding="UTF-8"?>
<!-- Generated by org.testng.reporters.JUnitReportReporter -->
<testsuite skipped="0" hostname="LAPTOP-IVDTKOOS" name="com.w2a.Testcases.BankManagerFunctions" tests="4" failures="0" timestamp="29 Mar 2022 09:44:47 GMT" time="81.324" errors="0">
  <testcase name="addCustomerTest" time="23.605" classname="com.w2a.Testcases.BankManagerFunctions"/>
  <testcase name="addCustomerTest" time="19.065" classname="com.w2a.Testcases.BankManagerFunctions"/>
  <testcase name="addCustomerTest" time="19.061" classname="com.w2a.Testcases.BankManagerFunctions"/>
  <testcase name="addCustomerTest" time="19.593" classname="com.w2a.Testcases.BankManagerFunctions"/>
</testsuite> <!-- com.w2a.Testcases.BankManagerFunctions -->
