<?xml version="1.0" encoding="UTF-8"?>
<!-- Generated by org.testng.reporters.JUnitReportReporter -->
<testsuite skipped="0" hostname="LAPTOP-IVDTKOOS" name="com.w2a.rough.test" tests="1" failures="0" timestamp="24 Mar 2022 08:23:10 GMT" time="0.003" errors="0">
  <testcase name="roughTest" time="0.003" classname="com.w2a.rough.test"/>
</testsuite> <!-- com.w2a.rough.test -->
